[0619/203952.862:ERROR:crash_report_database_win.cc(563)] CreateDirectory C:\Program Files (x86)\reports: Acesso negado. (0x5)
[0619/203952.879:ERROR:registration_protocol_win.cc(83)] TransactNamedPipe: O pipe foi finalizado. (0x6D)
[0619/203952.886:ERROR:crash_report_database_win.cc(563)] CreateDirectory C:\Program Files (x86)\reports: Acesso negado. (0x5)
[0619/221917.748:ERROR:crash_report_database_win.cc(563)] CreateDirectory C:\Program Files (x86)\reports: Acesso negado. (0x5)
[0619/221917.805:ERROR:registration_protocol_win.cc(83)] TransactNamedPipe: O pipe foi finalizado. (0x6D)
[0619/221917.812:ERROR:crash_report_database_win.cc(563)] CreateDirectory C:\Program Files (x86)\reports: Acesso negado. (0x5)
[0620/203520.916:ERROR:crash_report_database_win.cc(563)] CreateDirectory C:\Program Files (x86)\reports: Acesso negado. (0x5)
[0620/203520.955:ERROR:registration_protocol_win.cc(83)] TransactNamedPipe: O pipe foi finalizado. (0x6D)
[0620/203520.961:ERROR:crash_report_database_win.cc(563)] CreateDirectory C:\Program Files (x86)\reports: Acesso negado. (0x5)
[0621/130221.421:ERROR:crash_report_database_win.cc(563)] CreateDirectory C:\Program Files (x86)\reports: Acesso negado. (0x5)
[0621/130221.442:ERROR:registration_protocol_win.cc(83)] TransactNamedPipe: O pipe foi finalizado. (0x6D)
[0621/130221.445:ERROR:crash_report_database_win.cc(563)] CreateDirectory C:\Program Files (x86)\reports: Acesso negado. (0x5)
[0621/140729.555:ERROR:crash_report_database_win.cc(563)] CreateDirectory C:\Program Files (x86)\reports: Acesso negado. (0x5)
[0621/140729.595:ERROR:registration_protocol_win.cc(83)] TransactNamedPipe: O pipe foi finalizado. (0x6D)
[0621/140729.600:ERROR:crash_report_database_win.cc(563)] CreateDirectory C:\Program Files (x86)\reports: Acesso negado. (0x5)
[0621/151357.792:ERROR:crash_report_database_win.cc(563)] CreateDirectory C:\Program Files (x86)\reports: Acesso negado. (0x5)
[0621/151357.831:ERROR:registration_protocol_win.cc(83)] TransactNamedPipe: O pipe foi finalizado. (0x6D)
[0621/151357.835:ERROR:crash_report_database_win.cc(563)] CreateDirectory C:\Program Files (x86)\reports: Acesso negado. (0x5)
[0621/154108.202:ERROR:crash_report_database_win.cc(563)] CreateDirectory C:\Program Files (x86)\reports: Acesso negado. (0x5)
[0621/154108.212:ERROR:registration_protocol_win.cc(83)] TransactNamedPipe: O pipe foi finalizado. (0x6D)
[0621/154108.222:ERROR:crash_report_database_win.cc(563)] CreateDirectory C:\Program Files (x86)\reports: Acesso negado. (0x5)
[0621/154252.836:ERROR:crash_report_database_win.cc(563)] CreateDirectory C:\Program Files (x86)\reports: Acesso negado. (0x5)
[0621/154252.968:ERROR:registration_protocol_win.cc(83)] TransactNamedPipe: O pipe foi finalizado. (0x6D)
[0621/154252.976:ERROR:crash_report_database_win.cc(563)] CreateDirectory C:\Program Files (x86)\reports: Acesso negado. (0x5)
[0621/154354.212:ERROR:crash_report_database_win.cc(563)] CreateDirectory C:\Program Files (x86)\reports: Acesso negado. (0x5)
[0621/154354.290:ERROR:registration_protocol_win.cc(83)] TransactNamedPipe: O pipe foi finalizado. (0x6D)
[0621/154354.296:ERROR:crash_report_database_win.cc(563)] CreateDirectory C:\Program Files (x86)\reports: Acesso negado. (0x5)
[0621/154631.385:ERROR:crash_report_database_win.cc(563)] CreateDirectory C:\Program Files (x86)\reports: Acesso negado. (0x5)
[0621/154631.444:ERROR:registration_protocol_win.cc(83)] TransactNamedPipe: O pipe foi finalizado. (0x6D)
[0621/154631.449:ERROR:crash_report_database_win.cc(563)] CreateDirectory C:\Program Files (x86)\reports: Acesso negado. (0x5)
[0621/154747.682:ERROR:crash_report_database_win.cc(563)] CreateDirectory C:\Program Files (x86)\reports: Acesso negado. (0x5)
[0621/154747.814:ERROR:registration_protocol_win.cc(83)] TransactNamedPipe: O pipe foi finalizado. (0x6D)
[0621/154747.821:ERROR:crash_report_database_win.cc(563)] CreateDirectory C:\Program Files (x86)\reports: Acesso negado. (0x5)
[0621/154818.109:ERROR:crash_report_database_win.cc(563)] CreateDirectory C:\Program Files (x86)\reports: Acesso negado. (0x5)
[0621/154818.155:ERROR:registration_protocol_win.cc(83)] TransactNamedPipe: O pipe foi finalizado. (0x6D)
[0621/154818.161:ERROR:crash_report_database_win.cc(563)] CreateDirectory C:\Program Files (x86)\reports: Acesso negado. (0x5)
[0621/155009.289:ERROR:crash_report_database_win.cc(563)] CreateDirectory C:\Program Files (x86)\reports: Acesso negado. (0x5)
[0621/155009.506:ERROR:registration_protocol_win.cc(83)] TransactNamedPipe: O pipe foi finalizado. (0x6D)
[0621/155009.513:ERROR:crash_report_database_win.cc(563)] CreateDirectory C:\Program Files (x86)\reports: Acesso negado. (0x5)
[0621/155217.614:ERROR:crash_report_database_win.cc(563)] CreateDirectory C:\Program Files (x86)\reports: Acesso negado. (0x5)
[0621/155217.687:ERROR:registration_protocol_win.cc(83)] TransactNamedPipe: O pipe foi finalizado. (0x6D)
[0621/155217.693:ERROR:crash_report_database_win.cc(563)] CreateDirectory C:\Program Files (x86)\reports: Acesso negado. (0x5)
[0621/155729.561:ERROR:crash_report_database_win.cc(563)] CreateDirectory C:\Program Files (x86)\reports: Acesso negado. (0x5)
[0621/155729.604:ERROR:registration_protocol_win.cc(83)] TransactNamedPipe: O pipe foi finalizado. (0x6D)
[0621/155729.608:ERROR:crash_report_database_win.cc(563)] CreateDirectory C:\Program Files (x86)\reports: Acesso negado. (0x5)
[0622/125445.400:ERROR:crash_report_database_win.cc(563)] CreateDirectory C:\Program Files (x86)\reports: Acesso negado. (0x5)
[0622/125445.623:ERROR:registration_protocol_win.cc(83)] TransactNamedPipe: O pipe foi finalizado. (0x6D)
[0622/125445.631:ERROR:crash_report_database_win.cc(563)] CreateDirectory C:\Program Files (x86)\reports: Acesso negado. (0x5)
[0622/140705.558:ERROR:crash_report_database_win.cc(563)] CreateDirectory C:\Program Files (x86)\reports: Acesso negado. (0x5)
[0622/140705.722:ERROR:registration_protocol_win.cc(83)] TransactNamedPipe: O pipe foi finalizado. (0x6D)
[0622/140705.729:ERROR:crash_report_database_win.cc(563)] CreateDirectory C:\Program Files (x86)\reports: Acesso negado. (0x5)
[0622/155442.443:ERROR:crash_report_database_win.cc(563)] CreateDirectory C:\Program Files (x86)\reports: Acesso negado. (0x5)
[0622/155442.579:ERROR:registration_protocol_win.cc(83)] TransactNamedPipe: O pipe foi finalizado. (0x6D)
[0622/155442.585:ERROR:crash_report_database_win.cc(563)] CreateDirectory C:\Program Files (x86)\reports: Acesso negado. (0x5)
[0622/155843.304:ERROR:crash_report_database_win.cc(563)] CreateDirectory C:\Program Files (x86)\reports: Acesso negado. (0x5)
[0622/155843.357:ERROR:registration_protocol_win.cc(83)] TransactNamedPipe: O pipe foi finalizado. (0x6D)
[0622/155843.382:ERROR:crash_report_database_win.cc(563)] CreateDirectory C:\Program Files (x86)\reports: Acesso negado. (0x5)
[0623/071809.800:ERROR:crash_report_database_win.cc(563)] CreateDirectory C:\Program Files (x86)\reports: Acesso negado. (0x5)
[0623/071809.820:ERROR:registration_protocol_win.cc(83)] TransactNamedPipe: O pipe foi finalizado. (0x6D)
[0623/071809.820:ERROR:crash_report_database_win.cc(563)] CreateDirectory C:\Program Files (x86)\reports: Acesso negado. (0x5)
[0623/111329.045:ERROR:crash_report_database_win.cc(563)] CreateDirectory C:\Program Files (x86)\reports: Acesso negado. (0x5)
[0623/111329.089:ERROR:registration_protocol_win.cc(83)] TransactNamedPipe: O pipe foi finalizado. (0x6D)
[0623/111329.095:ERROR:crash_report_database_win.cc(563)] CreateDirectory C:\Program Files (x86)\reports: Acesso negado. (0x5)
[0626/130327.087:ERROR:crash_report_database_win.cc(563)] CreateDirectory C:\Program Files (x86)\reports: Acesso negado. (0x5)
[0626/130327.133:ERROR:registration_protocol_win.cc(83)] TransactNamedPipe: O pipe foi finalizado. (0x6D)
[0626/130327.139:ERROR:crash_report_database_win.cc(563)] CreateDirectory C:\Program Files (x86)\reports: Acesso negado. (0x5)
[0626/142003.721:ERROR:crash_report_database_win.cc(563)] CreateDirectory C:\Program Files (x86)\reports: Acesso negado. (0x5)
[0626/142003.838:ERROR:registration_protocol_win.cc(83)] TransactNamedPipe: O pipe foi finalizado. (0x6D)
[0626/142003.843:ERROR:crash_report_database_win.cc(563)] CreateDirectory C:\Program Files (x86)\reports: Acesso negado. (0x5)
[0627/144026.158:ERROR:crash_report_database_win.cc(563)] CreateDirectory C:\Program Files (x86)\reports: Acesso negado. (0x5)
[0627/144026.201:ERROR:registration_protocol_win.cc(83)] TransactNamedPipe: O pipe foi finalizado. (0x6D)
[0627/144026.207:ERROR:crash_report_database_win.cc(563)] CreateDirectory C:\Program Files (x86)\reports: Acesso negado. (0x5)
[0630/164240.487:ERROR:crash_report_database_win.cc(563)] CreateDirectory C:\Program Files (x86)\reports: Acesso negado. (0x5)
[0630/164240.568:ERROR:registration_protocol_win.cc(84)] TransactNamedPipe: O pipe foi finalizado. (0x6D)
[0630/164240.572:ERROR:crash_report_database_win.cc(563)] CreateDirectory C:\Program Files (x86)\reports: Acesso negado. (0x5)
[0701/234311.833:ERROR:crash_report_database_win.cc(563)] CreateDirectory C:\Program Files (x86)\reports: Acesso negado. (0x5)
[0701/234311.874:ERROR:registration_protocol_win.cc(84)] TransactNamedPipe: O pipe foi finalizado. (0x6D)
[0701/234311.965:ERROR:crash_report_database_win.cc(563)] CreateDirectory C:\Program Files (x86)\reports: Acesso negado. (0x5)
[0702/164012.937:ERROR:crash_report_database_win.cc(563)] CreateDirectory C:\Program Files (x86)\reports: Acesso negado. (0x5)
[0702/164013.045:ERROR:registration_protocol_win.cc(84)] TransactNamedPipe: O pipe foi finalizado. (0x6D)
[0702/164013.051:ERROR:crash_report_database_win.cc(563)] CreateDirectory C:\Program Files (x86)\reports: Acesso negado. (0x5)
[0703/153759.796:ERROR:crash_report_database_win.cc(563)] CreateDirectory C:\Program Files (x86)\reports: Acesso negado. (0x5)
[0703/153759.855:ERROR:registration_protocol_win.cc(84)] TransactNamedPipe: O pipe foi finalizado. (0x6D)
[0703/153759.862:ERROR:crash_report_database_win.cc(563)] CreateDirectory C:\Program Files (x86)\reports: Acesso negado. (0x5)
[0706/140559.453:ERROR:crash_report_database_win.cc(563)] CreateDirectory C:\Program Files (x86)\reports: Acesso negado. (0x5)
[0706/140559.642:ERROR:registration_protocol_win.cc(84)] TransactNamedPipe: O pipe foi finalizado. (0x6D)
[0706/140559.648:ERROR:crash_report_database_win.cc(563)] CreateDirectory C:\Program Files (x86)\reports: Acesso negado. (0x5)
[0706/144558.365:ERROR:crash_report_database_win.cc(563)] CreateDirectory C:\Program Files (x86)\reports: Acesso negado. (0x5)
[0706/144558.520:ERROR:registration_protocol_win.cc(84)] TransactNamedPipe: O pipe foi finalizado. (0x6D)
[0706/144558.544:ERROR:crash_report_database_win.cc(563)] CreateDirectory C:\Program Files (x86)\reports: Acesso negado. (0x5)
[0724/175211.682:ERROR:file_io_win.cc(182)] CreateFile C:\Program Files (x86)\settings.dat: Acesso negado. (0x5)
[0724/175211.862:ERROR:registration_protocol_win.cc(84)] TransactNamedPipe: O pipe foi finalizado. (0x6D)
[0724/175211.870:ERROR:file_io_win.cc(182)] CreateFile C:\Program Files (x86)\settings.dat: Acesso negado. (0x5)
[0730/204249.728:ERROR:file_io_win.cc(182)] CreateFile C:\Program Files (x86)\settings.dat: Acesso negado. (0x5)
[0730/204249.778:ERROR:registration_protocol_win.cc(84)] TransactNamedPipe: O pipe foi finalizado. (0x6D)
[0730/204249.778:ERROR:file_io_win.cc(182)] CreateFile C:\Program Files (x86)\settings.dat: Acesso negado. (0x5)
[0730/205803.690:ERROR:file_io_win.cc(182)] CreateFile C:\Program Files (x86)\settings.dat: Acesso negado. (0x5)
[0730/205803.777:ERROR:registration_protocol_win.cc(84)] TransactNamedPipe: O pipe foi finalizado. (0x6D)
[0730/205803.782:ERROR:file_io_win.cc(182)] CreateFile C:\Program Files (x86)\settings.dat: Acesso negado. (0x5)
[0814/203319.499:ERROR:file_io_win.cc(182)] CreateFile C:\Program Files (x86)\settings.dat: Acesso negado. (0x5)
[0814/203319.555:ERROR:registration_protocol_win.cc(84)] TransactNamedPipe: O pipe foi finalizado. (0x6D)
[0814/203319.564:ERROR:file_io_win.cc(182)] CreateFile C:\Program Files (x86)\settings.dat: Acesso negado. (0x5)
[0815/081517.085:ERROR:file_io_win.cc(182)] CreateFile C:\Program Files (x86)\settings.dat: Acesso negado. (0x5)
[0815/081517.337:ERROR:registration_protocol_win.cc(84)] TransactNamedPipe: O pipe foi finalizado. (0x6D)
[0815/081517.344:ERROR:file_io_win.cc(182)] CreateFile C:\Program Files (x86)\settings.dat: Acesso negado. (0x5)
[0815/094235.922:ERROR:file_io_win.cc(182)] CreateFile C:\Program Files (x86)\settings.dat: Acesso negado. (0x5)
[0815/094235.982:ERROR:registration_protocol_win.cc(84)] TransactNamedPipe: O pipe foi finalizado. (0x6D)
[0815/094235.988:ERROR:file_io_win.cc(182)] CreateFile C:\Program Files (x86)\settings.dat: Acesso negado. (0x5)
[0815/125249.549:ERROR:file_io_win.cc(182)] CreateFile C:\Program Files (x86)\settings.dat: Acesso negado. (0x5)
[0815/125249.591:ERROR:registration_protocol_win.cc(84)] TransactNamedPipe: O pipe foi finalizado. (0x6D)
[0815/125249.601:ERROR:file_io_win.cc(182)] CreateFile C:\Program Files (x86)\settings.dat: Acesso negado. (0x5)
[0815/130102.646:ERROR:file_io_win.cc(182)] CreateFile C:\Program Files (x86)\settings.dat: Acesso negado. (0x5)
[0815/130102.793:ERROR:registration_protocol_win.cc(84)] TransactNamedPipe: O pipe foi finalizado. (0x6D)
[0815/130102.798:ERROR:file_io_win.cc(182)] CreateFile C:\Program Files (x86)\settings.dat: Acesso negado. (0x5)
[0815/130709.405:ERROR:file_io_win.cc(182)] CreateFile C:\Program Files (x86)\settings.dat: Acesso negado. (0x5)
[0815/130709.450:ERROR:registration_protocol_win.cc(84)] TransactNamedPipe: O pipe foi finalizado. (0x6D)
[0815/130709.460:ERROR:file_io_win.cc(182)] CreateFile C:\Program Files (x86)\settings.dat: Acesso negado. (0x5)
[0816/092829.941:ERROR:file_io_win.cc(182)] CreateFile C:\Program Files (x86)\settings.dat: Acesso negado. (0x5)
[0816/092829.952:ERROR:registration_protocol_win.cc(84)] TransactNamedPipe: O pipe foi finalizado. (0x6D)
[0816/092829.957:ERROR:file_io_win.cc(182)] CreateFile C:\Program Files (x86)\settings.dat: Acesso negado. (0x5)
[0821/193348.413:ERROR:file_io_win.cc(182)] CreateFile C:\Program Files (x86)\settings.dat: Acesso negado. (0x5)
[0821/193348.457:ERROR:registration_protocol_win.cc(84)] TransactNamedPipe: O pipe foi finalizado. (0x6D)
[0821/193348.466:ERROR:file_io_win.cc(182)] CreateFile C:\Program Files (x86)\settings.dat: Acesso negado. (0x5)
[0822/105026.875:ERROR:file_io_win.cc(182)] CreateFile C:\Program Files (x86)\settings.dat: Acesso negado. (0x5)
[0822/105026.936:ERROR:registration_protocol_win.cc(84)] TransactNamedPipe: O pipe foi finalizado. (0x6D)
[0822/105026.940:ERROR:file_io_win.cc(182)] CreateFile C:\Program Files (x86)\settings.dat: Acesso negado. (0x5)
[1003/093524.102:ERROR:file_io_win.cc(182)] CreateFile C:\Program Files (x86)\settings.dat: Acesso negado. (0x5)
[1003/093524.140:ERROR:registration_protocol_win.cc(84)] TransactNamedPipe: O pipe foi finalizado. (0x6D)
[1003/093524.146:ERROR:file_io_win.cc(182)] CreateFile C:\Program Files (x86)\settings.dat: Acesso negado. (0x5)
[1008/154247.782:ERROR:file_io_win.cc(182)] CreateFile C:\Program Files (x86)\settings.dat: Acesso negado. (0x5)
[1008/154247.827:ERROR:registration_protocol_win.cc(84)] TransactNamedPipe: O pipe foi finalizado. (0x6D)
[1008/154247.832:ERROR:file_io_win.cc(182)] CreateFile C:\Program Files (x86)\settings.dat: Acesso negado. (0x5)
[1009/154404.381:ERROR:file_io_win.cc(182)] CreateFile C:\Program Files (x86)\settings.dat: Acesso negado. (0x5)
[1009/154404.392:ERROR:registration_protocol_win.cc(84)] TransactNamedPipe: O pipe foi finalizado. (0x6D)
[1009/154404.397:ERROR:file_io_win.cc(182)] CreateFile C:\Program Files (x86)\settings.dat: Acesso negado. (0x5)
[1031/143623.871:ERROR:file_io_win.cc(182)] CreateFile C:\Program Files (x86)\settings.dat: Acesso negado. (0x5)
[1031/143623.935:ERROR:registration_protocol_win.cc(84)] TransactNamedPipe: O pipe foi finalizado. (0x6D)
[1031/143623.941:ERROR:file_io_win.cc(182)] CreateFile C:\Program Files (x86)\settings.dat: Acesso negado. (0x5)
[1031/143845.397:ERROR:file_io_win.cc(182)] CreateFile C:\Program Files (x86)\settings.dat: Acesso negado. (0x5)
[1031/143845.497:ERROR:registration_protocol_win.cc(84)] TransactNamedPipe: O pipe foi finalizado. (0x6D)
[1031/143845.502:ERROR:file_io_win.cc(182)] CreateFile C:\Program Files (x86)\settings.dat: Acesso negado. (0x5)
[1031/144144.114:ERROR:file_io_win.cc(182)] CreateFile C:\Program Files (x86)\settings.dat: Acesso negado. (0x5)
[1031/144144.133:ERROR:registration_protocol_win.cc(84)] TransactNamedPipe: O pipe foi finalizado. (0x6D)
[1031/144144.139:ERROR:file_io_win.cc(182)] CreateFile C:\Program Files (x86)\settings.dat: Acesso negado. (0x5)
[1031/144823.428:ERROR:file_io_win.cc(182)] CreateFile C:\Program Files (x86)\settings.dat: Acesso negado. (0x5)
[1031/144823.457:ERROR:registration_protocol_win.cc(84)] TransactNamedPipe: O pipe foi finalizado. (0x6D)
[1031/144823.463:ERROR:file_io_win.cc(182)] CreateFile C:\Program Files (x86)\settings.dat: Acesso negado. (0x5)
[1031/144922.781:ERROR:file_io_win.cc(182)] CreateFile C:\Program Files (x86)\settings.dat: Acesso negado. (0x5)
[1031/144922.832:ERROR:registration_protocol_win.cc(84)] TransactNamedPipe: O pipe foi finalizado. (0x6D)
[1031/144922.837:ERROR:file_io_win.cc(182)] CreateFile C:\Program Files (x86)\settings.dat: Acesso negado. (0x5)
[1031/145240.103:ERROR:file_io_win.cc(182)] CreateFile C:\Program Files (x86)\settings.dat: Acesso negado. (0x5)
[1031/145240.212:ERROR:registration_protocol_win.cc(84)] TransactNamedPipe: O pipe foi finalizado. (0x6D)
[1031/145240.217:ERROR:file_io_win.cc(182)] CreateFile C:\Program Files (x86)\settings.dat: Acesso negado. (0x5)
[1031/145543.404:ERROR:file_io_win.cc(182)] CreateFile C:\Program Files (x86)\settings.dat: Acesso negado. (0x5)
[1031/145543.459:ERROR:registration_protocol_win.cc(84)] TransactNamedPipe: O pipe foi finalizado. (0x6D)
[1031/145543.465:ERROR:file_io_win.cc(182)] CreateFile C:\Program Files (x86)\settings.dat: Acesso negado. (0x5)
[1031/150244.464:ERROR:file_io_win.cc(182)] CreateFile C:\Program Files (x86)\settings.dat: Acesso negado. (0x5)
[1031/150244.510:ERROR:registration_protocol_win.cc(84)] TransactNamedPipe: O pipe foi finalizado. (0x6D)
[1031/150244.514:ERROR:file_io_win.cc(182)] CreateFile C:\Program Files (x86)\settings.dat: Acesso negado. (0x5)
[1031/150945.123:ERROR:file_io_win.cc(182)] CreateFile C:\Program Files (x86)\settings.dat: Acesso negado. (0x5)
[1031/150945.400:ERROR:registration_protocol_win.cc(84)] TransactNamedPipe: O pipe foi finalizado. (0x6D)
[1031/150945.404:ERROR:file_io_win.cc(182)] CreateFile C:\Program Files (x86)\settings.dat: Acesso negado. (0x5)
[1031/151154.357:ERROR:file_io_win.cc(182)] CreateFile C:\Program Files (x86)\settings.dat: Acesso negado. (0x5)
[1031/151154.376:ERROR:registration_protocol_win.cc(84)] TransactNamedPipe: O pipe foi finalizado. (0x6D)
[1031/151154.379:ERROR:file_io_win.cc(182)] CreateFile C:\Program Files (x86)\settings.dat: Acesso negado. (0x5)
[1031/151316.216:ERROR:file_io_win.cc(182)] CreateFile C:\Program Files (x86)\settings.dat: Acesso negado. (0x5)
[1031/151316.249:ERROR:registration_protocol_win.cc(84)] TransactNamedPipe: O pipe foi finalizado. (0x6D)
[1031/151316.254:ERROR:file_io_win.cc(182)] CreateFile C:\Program Files (x86)\settings.dat: Acesso negado. (0x5)
[1104/165752.126:ERROR:file_io_win.cc(182)] CreateFile C:\Program Files (x86)\settings.dat: Acesso negado. (0x5)
[1104/165752.225:ERROR:registration_protocol_win.cc(84)] TransactNamedPipe: O pipe foi finalizado. (0x6D)
[1104/165752.229:ERROR:file_io_win.cc(182)] CreateFile C:\Program Files (x86)\settings.dat: Acesso negado. (0x5)
[1108/143550.558:ERROR:file_io_win.cc(182)] CreateFile C:\Program Files (x86)\settings.dat: Acesso negado. (0x5)
[1108/143550.820:ERROR:registration_protocol_win.cc(84)] TransactNamedPipe: O pipe foi finalizado. (0x6D)
[1108/143550.825:ERROR:file_io_win.cc(182)] CreateFile C:\Program Files (x86)\settings.dat: Acesso negado. (0x5)
[1115/205814.554:ERROR:file_io_win.cc(182)] CreateFile C:\Program Files (x86)\settings.dat: Acesso negado. (0x5)
[1115/205814.622:ERROR:registration_protocol_win.cc(84)] TransactNamedPipe: O pipe foi finalizado. (0x6D)
[1115/205814.630:ERROR:file_io_win.cc(182)] CreateFile C:\Program Files (x86)\settings.dat: Acesso negado. (0x5)
[0126/084754.781:ERROR:file_io_win.cc(179)] CreateFile C:\Program Files (x86)\settings.dat: Acesso negado. (0x5)
[0126/084754.895:ERROR:registration_protocol_win.cc(84)] TransactNamedPipe: O pipe foi finalizado. (0x6D)
[0126/084754.904:ERROR:file_io_win.cc(179)] CreateFile C:\Program Files (x86)\settings.dat: Acesso negado. (0x5)
[0126/084755.443:ERROR:file_io_win.cc(179)] CreateFile C:\Program Files (x86)\settings.dat: Acesso negado. (0x5)
[0126/084755.467:ERROR:registration_protocol_win.cc(84)] TransactNamedPipe: O pipe foi finalizado. (0x6D)
[0126/084755.474:ERROR:file_io_win.cc(179)] CreateFile C:\Program Files (x86)\settings.dat: Acesso negado. (0x5)
